#
# A fatal error has been detected by the Java Runtime Environment:
#
#  SIGSEGV (0xb) at pc=0x00000001096611c2, pid=1102, tid=0x0000000000003a03
#
# JRE version: Java(TM) SE Runtime Environment (8.0_351-b10) (build 1.8.0_351-b10)
# Java VM: Java HotSpot(TM) 64-Bit Server VM (25.351-b10 mixed mode bsd-amd64 compressed oops)
# Problematic frame:
# V  [libjvm.dylib+0x941c2]  AddPNode::Ideal(PhaseGVN*, bool)+0xf4
#
# Failed to write core dump. Core dumps have been disabled. To enable core dumping, try "ulimit -c unlimited" before starting Java again
#
# If you would like to submit a bug report, please visit:
#   http://bugreport.java.com/bugreport/crash.jsp
#

---------------  T H R E A D  ---------------

Current thread (0x00007fd8a2862800):  JavaThread "C2 CompilerThread1" daemon [_thread_in_native, id=14851, stack(0x00007000053c9000,0x00007000054c9000)]

siginfo: si_signo: 11 (SIGSEGV), si_code: 1 (SEGV_MAPERR), si_addr: 0x00007fd820104578

Registers:
RAX=0x00007fd8908177e0, RBX=0x00007fd84213e440, RCX=0x00007fd84213e470, RDX=0x00007fd890816460
RSP=0x00007000054c5490, RBP=0x00007000054c54c0, RSI=0x0000000000000030, RDI=0x00007fd84213daa0
R8 =0x000000000000018f, R9 =0x00007000054c69f8, R10=0x00007fd8234de740, R11=0x0000000000000078
R12=0x00007fd820104578, R13=0x00007fd84213daa0, R14=0x0000000109d08000, R15=0x00007000054c69f8
RIP=0x00000001096611c2, EFLAGS=0x0000000000010202, ERR=0x0000000000000004
  TRAPNO=0x000000000000000e

Top of Stack: (sp=0x00007000054c5490)
0x00007000054c5490:   00007fd84213e440 00007000054c8118
0x00007000054c54a0:   00007000054c69f8 00007fd84213e440
0x00007000054c54b0:   00007000054c69f8 00007000054c7380
0x00007000054c54c0:   00007000054c5500 0000000109a88eeb
0x00007000054c54d0:   00007fd84213e440 00007000054c8118
0x00007000054c54e0:   00007000054c69f8 00000000000018af
0x00007000054c54f0:   00007000054c73f8 0000000109bcd5c9
0x00007000054c5500:   00007000054c5540 0000000109a88d60
0x00007000054c5510:   00007000054c69f8 00007fd82427ce18
0x00007000054c5520:   00000001099cd0cc 0000000109cf2fa0
0x00007000054c5530:   0000000109d08000 00007000054c5fe0
0x00007000054c5540:   00007000054c5580 00000001099cd096
0x00007000054c5550:   00007000054c8118 00007000054c5fe0
0x00007000054c5560:   00007000054c8118 0000000000000025
0x00007000054c5570:   00007000054c69f8 00007000054c7488
0x00007000054c5580:   00007000054c7520 0000000109768189
0x00007000054c5590:   00007fd8a2862800 0000000109ca6890
0x00007000054c55a0:   0000700000000005 00007000054c8118
0x00007000054c55b0:   00007000054c82c0 00007000054c82c0
0x00007000054c55c0:   0000000000004000 00007fd880150010
0x00007000054c55d0:   0000000000000000 00007000054c8210
0x00007000054c55e0:   00007fd800004000 00007fd858040010
0x00007000054c55f0:   0000000000000000 0000000000000000
0x00007000054c5600:   0000000000000000 0000000000000000
0x00007000054c5610:   0000000000000000 0000000000000000
0x00007000054c5620:   0000000000000000 0000000000000000
0x00007000054c5630:   0000000000000000 0000000000000000
0x00007000054c5640:   0000000000000000 0000000000000000
0x00007000054c5650:   0000000000000000 0000000000000000
0x00007000054c5660:   0000000000000000 0000000000000000
0x00007000054c5670:   0000000000000000 0000000000000000
0x00007000054c5680:   0000000000000000 0000000000000000 

Instructions: (pc=0x00000001096611c2)
0x00000001096611a2:   49 8b 57 50 48 8b 04 c2 48 8d 15 7f 6e 6a 00 48
0x00000001096611b2:   3b 02 0f 84 c7 00 00 00 48 89 5d d0 4c 8b 61 18
0x00000001096611c2:   49 8b 04 24 4c 89 e7 ff 10 83 f8 14 0f 85 99 00
0x00000001096611d2:   00 00 49 8b 44 24 08 4c 39 60 08 0f 84 8a 00 00 

Register to memory mapping:

RAX=0x00007fd8908177e0 is an unknown value
RBX=0x00007fd84213e440 is an unknown value
RCX=0x00007fd84213e470 is an unknown value
RDX=0x00007fd890816460 is an unknown value
RSP=0x00007000054c5490 is pointing into the stack for thread: 0x00007fd8a2862800
RBP=0x00007000054c54c0 is pointing into the stack for thread: 0x00007fd8a2862800
RSI=0x0000000000000030 is an unknown value
RDI=0x00007fd84213daa0 is an unknown value
R8 =0x000000000000018f is an unknown value
R9 =0x00007000054c69f8 is pointing into the stack for thread: 0x00007fd8a2862800
R10=0x00007fd8234de740 is an unknown value
R11=0x0000000000000078 is an unknown value
R12=0x00007fd820104578 is an unknown value
R13=0x00007fd84213daa0 is an unknown value
R14=0x0000000109d08000: _ZN4Type3TOPE+0 in /Library/Internet Plug-Ins/JavaAppletPlugin.plugin/Contents/Home/lib/server/libjvm.dylib at 0x00000001095cd000
R15=0x00007000054c69f8 is pointing into the stack for thread: 0x00007fd8a2862800


Stack: [0x00007000053c9000,0x00007000054c9000],  sp=0x00007000054c5490,  free space=1009k
Native frames: (J=compiled Java code, j=interpreted, Vv=VM code, C=native code)
V  [libjvm.dylib+0x941c2]  AddPNode::Ideal(PhaseGVN*, bool)+0xf4
V  [libjvm.dylib+0x4bbeeb]  PhaseIterGVN::transform_old(Node*)+0x35
V  [libjvm.dylib+0x4bbd60]  PhaseIterGVN::optimize()+0x86
V  [libjvm.dylib+0x400096]  PhaseMacroExpand::expand_macro_nodes()+0x264
V  [libjvm.dylib+0x19b189]  Compile::Optimize()+0x9e7
V  [libjvm.dylib+0x199d39]  Compile::Compile(ciEnv*, C2Compiler*, ciMethod*, int, bool, bool, bool, bool)+0x85f
V  [libjvm.dylib+0x1362fe]  C2Compiler::compile_method(ciEnv*, ciMethod*, int)+0xc4
V  [libjvm.dylib+0x1a5e03]  CompileBroker::invoke_compiler_on_method(CompileTask*)+0x60b
V  [libjvm.dylib+0x1a5340]  CompileBroker::compiler_thread_loop()+0x268
V  [libjvm.dylib+0x56159c]  JavaThread::thread_main_inner()+0x82
V  [libjvm.dylib+0x56145b]  JavaThread::run()+0x19d
V  [libjvm.dylib+0x48e53b]  java_start(Thread*)+0xfa
C  [libsystem_pthread.dylib+0x64e1]  _pthread_start+0x7d
C  [libsystem_pthread.dylib+0x1f6b]  thread_start+0xf
C  0x0000000000000000


Current CompileTask:
C2:13507799 10774   !   4       java.io.ObjectOutputStream::writeObject0 (619 bytes)


---------------  P R O C E S S  ---------------

Java Threads: ( => current thread )
  0x00007fd8418d0000 JavaThread "build event listener" [_thread_blocked, id=129551, stack(0x0000700009fd5000,0x000070000a0d5000)]
  0x00007fd82416c800 JavaThread "Unconstrained build operations Thread 33" [_thread_blocked, id=51471, stack(0x0000700009ed2000,0x0000700009fd2000)]
  0x00007fd822685000 JavaThread "Unconstrained build operations Thread 32" [_thread_blocked, id=120591, stack(0x0000700009dcf000,0x0000700009ecf000)]
  0x00007fd823dd3000 JavaThread "Unconstrained build operations Thread 31" [_thread_blocked, id=130319, stack(0x0000700009ccc000,0x0000700009dcc000)]
  0x00007fd823dd2800 JavaThread "Unconstrained build operations Thread 30" [_thread_blocked, id=85263, stack(0x0000700009bc9000,0x0000700009cc9000)]
  0x00007fd823dd1800 JavaThread "Unconstrained build operations Thread 29" [_thread_blocked, id=80399, stack(0x0000700009ac6000,0x0000700009bc6000)]
  0x00007fd8112dc000 JavaThread "Unconstrained build operations Thread 28" [_thread_blocked, id=44559, stack(0x00007000099c3000,0x0000700009ac3000)]
  0x00007fd8112db000 JavaThread "Unconstrained build operations Thread 27" [_thread_blocked, id=72975, stack(0x00007000098c0000,0x00007000099c0000)]
  0x00007fd8112da800 JavaThread "Unconstrained build operations Thread 26" [_thread_blocked, id=124943, stack(0x00007000097bd000,0x00007000098bd000)]
  0x00007fd8112d9800 JavaThread "Unconstrained build operations Thread 25" [_thread_blocked, id=123663, stack(0x00007000096ba000,0x00007000097ba000)]
  0x00007fd8112d9000 JavaThread "Unconstrained build operations Thread 24" [_thread_blocked, id=51727, stack(0x00007000095b7000,0x00007000096b7000)]
  0x00007fd8112d8000 JavaThread "Unconstrained build operations Thread 23" [_thread_blocked, id=124687, stack(0x00007000094b4000,0x00007000095b4000)]
  0x00007fd8112d7800 JavaThread "Unconstrained build operations Thread 22" [_thread_blocked, id=95759, stack(0x00007000093b1000,0x00007000094b1000)]
  0x00007fd830acb000 JavaThread "Unconstrained build operations Thread 21" [_thread_blocked, id=61967, stack(0x00007000092ae000,0x00007000093ae000)]
  0x00007fd8112d6800 JavaThread "Unconstrained build operations Thread 20" [_thread_blocked, id=41231, stack(0x00007000091ab000,0x00007000092ab000)]
  0x00007fd8112d6000 JavaThread "Unconstrained build operations Thread 19" [_thread_blocked, id=24591, stack(0x00007000090a8000,0x00007000091a8000)]
  0x00007fd8a22d3000 JavaThread "Unconstrained build operations Thread 18" [_thread_blocked, id=72463, stack(0x0000700008fa5000,0x00007000090a5000)]
  0x00007fd8112d5000 JavaThread "Unconstrained build operations Thread 17" [_thread_blocked, id=48399, stack(0x0000700008ea2000,0x0000700008fa2000)]
  0x00007fd8a22d2000 JavaThread "Unconstrained build operations Thread 16" [_thread_blocked, id=64527, stack(0x0000700008d9f000,0x0000700008e9f000)]
  0x00007fd822684000 JavaThread "Unconstrained build operations Thread 15" [_thread_blocked, id=49423, stack(0x0000700008c9c000,0x0000700008d9c000)]
  0x00007fd8a0a88800 JavaThread "Unconstrained build operations Thread 14" [_thread_blocked, id=121107, stack(0x0000700008b99000,0x0000700008c99000)]
  0x00007fd8115c5800 JavaThread "Unconstrained build operations Thread 13" [_thread_blocked, id=46351, stack(0x0000700008a96000,0x0000700008b96000)]
  0x00007fd8115c5000 JavaThread "Unconstrained build operations Thread 12" [_thread_blocked, id=73231, stack(0x0000700008993000,0x0000700008a93000)]
  0x00007fd8115c4000 JavaThread "Unconstrained build operations Thread 11" [_thread_blocked, id=87055, stack(0x0000700008890000,0x0000700008990000)]
  0x00007fd823479000 JavaThread "Unconstrained build operations Thread 10" [_thread_blocked, id=90383, stack(0x000070000878d000,0x000070000888d000)]
  0x00007fd8a22d1800 JavaThread "Unconstrained build operations Thread 9" [_thread_blocked, id=59663, stack(0x000070000868a000,0x000070000878a000)]
  0x00007fd8a22d0800 JavaThread "Unconstrained build operations Thread 8" [_thread_blocked, id=94479, stack(0x0000700008587000,0x0000700008687000)]
  0x00007fd830e80000 JavaThread "Unconstrained build operations Thread 7" [_thread_blocked, id=126479, stack(0x0000700008484000,0x0000700008584000)]
  0x00007fd830e7f000 JavaThread "Unconstrained build operations Thread 6" [_thread_blocked, id=47375, stack(0x0000700008381000,0x0000700008481000)]
  0x00007fd830e7e800 JavaThread "Unconstrained build operations Thread 5" [_thread_blocked, id=69647, stack(0x000070000827e000,0x000070000837e000)]
  0x00007fd822683800 JavaThread "Unconstrained build operations Thread 4" [_thread_blocked, id=46095, stack(0x000070000817b000,0x000070000827b000)]
  0x00007fd8a1ce7800 JavaThread "Unconstrained build operations Thread 3" [_thread_blocked, id=58123, stack(0x0000700008078000,0x0000700008178000)]
  0x00007fd8115c3800 JavaThread "Unconstrained build operations Thread 2" [_thread_blocked, id=59163, stack(0x0000700007f75000,0x0000700008075000)]
  0x00007fd830daf800 JavaThread "Unconstrained build operations" [_thread_blocked, id=94735, stack(0x0000700007e72000,0x0000700007f72000)]
  0x00007fd82278e800 JavaThread "Cache worker for Build Output Cleanup Cache (/Users/giangduc/buttonApp/node_modules/react-native-gradle-plugin/.gradle/buildOutputCleanup)" [_thread_blocked, id=122127, stack(0x0000700007d6f000,0x0000700007e6f000)]
  0x00007fd82416b800 JavaThread "Cache worker for Build Output Cleanup Cache (/Users/giangduc/buttonApp/android/.gradle/buildOutputCleanup)" [_thread_blocked, id=90639, stack(0x0000700007c6c000,0x0000700007d6c000)]
  0x00007fd82416b000 JavaThread "Cache worker for dependencies-accessors (/Users/giangduc/buttonApp/android/.gradle/7.5.1/dependencies-accessors)" [_thread_blocked, id=62735, stack(0x0000700007b69000,0x0000700007c69000)]
  0x00007fd8a28c6000 JavaThread "process reaper" daemon [_thread_blocked, id=126735, stack(0x0000700005140000,0x0000700005168000)]
  0x00007fd8242ad800 JavaThread "Cache worker for cache directory md-supplier (/Users/giangduc/.gradle/caches/7.5.1/md-supplier)" [_thread_blocked, id=89367, stack(0x0000700006e17000,0x0000700006f17000)]
  0x00007fd82452e000 JavaThread "Cache worker for file hash cache (/Users/giangduc/buttonApp/android/.gradle/7.5.1/fileHashes)" [_thread_blocked, id=23823, stack(0x0000700006d14000,0x0000700006e14000)]
  0x00007fd8a2943800 JavaThread "Cache worker for cache directory md-rule (/Users/giangduc/.gradle/caches/7.5.1/md-rule)" [_thread_blocked, id=23311, stack(0x0000700006b0e000,0x0000700006c0e000)]
  0x00007fd8a299f000 JavaThread "Cache worker for checksums cache (/Users/giangduc/buttonApp/android/.gradle/7.5.1/checksums)" [_thread_blocked, id=34063, stack(0x0000700006a0b000,0x0000700006b0b000)]
  0x00007fd811414000 JavaThread "Daemon client event forwarder" [_thread_blocked, id=32275, stack(0x00007000061f3000,0x00007000062f3000)]
  0x00007fd82278d800 JavaThread "Stdin handler" [_thread_blocked, id=54539, stack(0x00007000060f0000,0x00007000061f0000)]
  0x00007fd822581000 JavaThread "Asynchronous log dispatcher for DefaultDaemonConnection: socket connection from /127.0.0.1:49344 to /127.0.0.1:59940" [_thread_blocked, id=70155, stack(0x0000700005fed000,0x00007000060ed000)]
  0x00007fd8a1dfd800 JavaThread "Daemon worker Thread 3" [_thread_in_Java, id=96267, stack(0x0000700005eea000,0x0000700005fea000)]
  0x00007fd8a29ba000 JavaThread "Cancel handler" [_thread_blocked, id=125967, stack(0x0000700005de7000,0x0000700005ee7000)]
  0x00007fd8a29f1800 JavaThread "Handler for socket connection from /127.0.0.1:49344 to /127.0.0.1:59940" [_thread_in_native, id=52235, stack(0x0000700005ce4000,0x0000700005de4000)]
  0x00007fd8a2a29000 JavaThread "Daemon Thread 3" [_thread_blocked, id=23095, stack(0x0000700005be1000,0x0000700005ce1000)]
  0x00007fd823538800 JavaThread "Memory manager" [_thread_blocked, id=51971, stack(0x000070000a0d8000,0x000070000a1d8000)]
  0x00007fd830b4a800 JavaThread "Cache worker for kotlin-dsl (/Users/giangduc/.gradle/caches/7.5.1/kotlin-dsl)" [_thread_blocked, id=18183, stack(0x0000700007a66000,0x0000700007b66000)]
  0x00007fd8236de000 JavaThread "jar transforms Thread 12" [_thread_blocked, id=30723, stack(0x0000700007938000,0x0000700007a38000)]
  0x00007fd8236dd000 JavaThread "jar transforms Thread 11" [_thread_blocked, id=30467, stack(0x0000700007835000,0x0000700007935000)]
  0x00007fd8236b1800 JavaThread "jar transforms Thread 10" [_thread_blocked, id=34819, stack(0x0000700007732000,0x0000700007832000)]
  0x00007fd8236b0800 JavaThread "jar transforms Thread 9" [_thread_blocked, id=29699, stack(0x000070000762f000,0x000070000772f000)]
  0x00007fd8236cd000 JavaThread "jar transforms Thread 8" [_thread_blocked, id=29187, stack(0x000070000752c000,0x000070000762c000)]
  0x00007fd8a0c08000 JavaThread "jar transforms Thread 7" [_thread_blocked, id=35331, stack(0x0000700007429000,0x0000700007529000)]
  0x00007fd8a1d43800 JavaThread "jar transforms Thread 6" [_thread_blocked, id=28675, stack(0x0000700007326000,0x0000700007426000)]
  0x00007fd8236af000 JavaThread "jar transforms Thread 5" [_thread_blocked, id=35587, stack(0x0000700007223000,0x0000700007323000)]
  0x00007fd8235d5000 JavaThread "jar transforms Thread 4" [_thread_blocked, id=36099, stack(0x0000700007120000,0x0000700007220000)]
  0x00007fd8235a4800 JavaThread "jar transforms Thread 3" [_thread_blocked, id=27907, stack(0x000070000701d000,0x000070000711d000)]
  0x00007fd8a2de7000 JavaThread "Cache worker for execution history cache (/Users/giangduc/.gradle/caches/7.5.1/executionHistory)" [_thread_blocked, id=27651, stack(0x0000700006f1a000,0x000070000701a000)]
  0x00007fd870816800 JavaThread "Cache worker for file content cache (/Users/giangduc/.gradle/caches/7.5.1/fileContent)" [_thread_blocked, id=37123, stack(0x0000700006c11000,0x0000700006d11000)]
  0x00007fd890fff800 JavaThread "jar transforms Thread 2" [_thread_blocked, id=38403, stack(0x0000700006908000,0x0000700006a08000)]
  0x00007fd890c12800 JavaThread "jar transforms" [_thread_blocked, id=26371, stack(0x0000700006805000,0x0000700006905000)]
  0x00007fd8a2fff000 JavaThread "File watcher consumer" daemon [_thread_blocked, id=26115, stack(0x0000700006702000,0x0000700006802000)]
  0x00007fd830aab000 JavaThread "File watcher server" daemon [_thread_in_native, id=39939, stack(0x00007000065ff000,0x00007000066ff000)]
  0x00007fd8a2d2c800 JavaThread "Cache worker for file hash cache (/Users/giangduc/.gradle/caches/7.5.1/fileHashes)" [_thread_blocked, id=25347, stack(0x00007000064fc000,0x00007000065fc000)]
  0x00007fd8a22bc800 JavaThread "File lock request listener" [_thread_in_native, id=40707, stack(0x00007000063f9000,0x00007000064f9000)]
  0x00007fd8a2a12000 JavaThread "Cache worker for journal cache (/Users/giangduc/.gradle/caches/journal-1)" [_thread_blocked, id=25091, stack(0x00007000062f6000,0x00007000063f6000)]
  0x00007fd830824800 JavaThread "Daemon periodic checks" [_thread_blocked, id=42755, stack(0x0000700005ade000,0x0000700005bde000)]
  0x00007fd83081a800 JavaThread "Incoming local TCP Connector on port 49344" [_thread_in_native, id=22531, stack(0x00007000059db000,0x0000700005adb000)]
  0x00007fd8a0d65000 JavaThread "Daemon health stats" [_thread_blocked, id=22275, stack(0x00007000058d8000,0x00007000059d8000)]
  0x00007fd8a2875800 JavaThread "Service Thread" daemon [_thread_blocked, id=16387, stack(0x00007000056d2000,0x00007000057d2000)]
  0x00007fd8a1843000 JavaThread "C1 CompilerThread3" daemon [_thread_blocked, id=15875, stack(0x00007000055cf000,0x00007000056cf000)]
  0x00007fd8a183a800 JavaThread "C2 CompilerThread2" daemon [_thread_in_vm, id=15363, stack(0x00007000054cc000,0x00007000055cc000)]
=>0x00007fd8a2862800 JavaThread "C2 CompilerThread1" daemon [_thread_in_native, id=14851, stack(0x00007000053c9000,0x00007000054c9000)]
  0x00007fd89080d000 JavaThread "C2 CompilerThread0" daemon [_thread_in_native, id=16899, stack(0x00007000052c6000,0x00007000053c6000)]
  0x00007fd890809800 JavaThread "Signal Dispatcher" daemon [_thread_blocked, id=17411, stack(0x00007000051c3000,0x00007000052c3000)]
  0x00007fd8a1815000 JavaThread "Finalizer" daemon [_thread_blocked, id=12547, stack(0x0000700004fba000,0x00007000050ba000)]
  0x00007fd8a2851800 JavaThread "Reference Handler" daemon [_thread_blocked, id=19203, stack(0x0000700004eb7000,0x0000700004fb7000)]
  0x00007fd8a2809000 JavaThread "main" [_thread_blocked, id=3843, stack(0x0000700004293000,0x0000700004393000)]

Other Threads:
  0x00007fd8a284d000 VMThread [stack: 0x0000700004db4000,0x0000700004eb4000] [id=12035]
  0x00007fd8a2855000 WatcherThread [stack: 0x00007000057d5000,0x00007000058d5000] [id=21763]

VM state:not at safepoint (normal execution)

VM Mutex/Monitor currently owned by a thread: None

heap address: 0x0000000760800000, size: 2048 MB, Compressed Oops mode: Zero based, Oop shift amount: 3
Narrow klass base: 0x00000007e0800000, Narrow klass shift: 0
Compressed class space size: 1073741824 Address: 0x00000007e0800000

Heap:
 PSYoungGen      total 429056K, used 49993K [0x00000007b5d80000, 0x00000007d1f00000, 0x00000007e0800000)
  eden space 404992K, 6% used [0x00000007b5d80000,0x00000007b76f3068,0x00000007ce900000)
  from space 24064K, 99% used [0x00000007cf180000,0x00000007d08df4d0,0x00000007d0900000)
  to   space 22528K, 0% used [0x00000007d0900000,0x00000007d0900000,0x00000007d1f00000)
 ParOldGen       total 550400K, used 34755K [0x0000000760800000, 0x0000000782180000, 0x00000007b5d80000)
  object space 550400K, 6% used [0x0000000760800000,0x00000007629f0d88,0x0000000782180000)
 Metaspace       used 75353K, capacity 80640K, committed 80856K, reserved 1118208K
  class space    used 10645K, capacity 11695K, committed 11776K, reserved 1048576K

Card table byte_map: [0x0000000108800000,0x0000000108c01000] byte_map_base: 0x0000000104cfc000

Marking Bits: (ParMarkBitMap*) 0x0000000109cf2318
 Begin Bits: [0x000000011af72000, 0x000000011cf72000)
 End Bits:   [0x000000011cf72000, 0x000000011ef72000)

Polling page: 0x00000001022ec000

CodeCache: size=245760Kb used=30472Kb max_used=30484Kb free=215287Kb
 bounds [0x000000010bf72000, 0x000000010dd62000, 0x000000011af72000]
 total_blobs=10267 nmethods=9394 adapters=785
 compilation: enabled

Compilation events (10 events):
Event: 13507.772 Thread 0x00007fd8a1843000 nmethod 11019 0x000000010dd4e3d0 code [0x000000010dd4e580, 0x000000010dd4ed48]
Event: 13507.773 Thread 0x00007fd8a183a800 nmethod 10987 0x000000010dd47750 code [0x000000010dd478c0, 0x000000010dd47b48]
Event: 13507.773 Thread 0x00007fd8a183a800 10990       4       com.google.common.collect.Maps::newLinkedHashMap (8 bytes)
Event: 13507.773 Thread 0x00007fd8a183a800 nmethod 10990 0x000000010dd51e50 code [0x000000010dd51fa0, 0x000000010dd52078]
Event: 13507.773 Thread 0x00007fd8a183a800 10974       4       java.nio.channels.spi.AbstractInterruptibleChannel::begin (48 bytes)
Event: 13507.774 Thread 0x00007fd8a1843000 11021       3       java.lang.Class::asSubclass (22 bytes)
Event: 13507.775 Thread 0x00007fd8a1843000 nmethod 11021 0x000000010dd51790 code [0x000000010dd51920, 0x000000010dd51d08]
Event: 13507.775 Thread 0x00007fd8a1843000 11022       3       org.gradle.composite.internal.CompositeBuildDependencySubstitutions::execute (77 bytes)
Event: 13507.775 Thread 0x00007fd8a1843000 nmethod 11022 0x000000010dd50410 code [0x000000010dd50640, 0x000000010dd513c8]
Event: 13507.775 Thread 0x00007fd8a1843000 11023       3       org.gradle.composite.internal.CompositeBuildDependencySubstitutions::getReplacementFor (98 bytes)

GC Heap History (10 events):
Event: 6.499 GC heap before
{Heap before GC invocations=6 (full 2):
 PSYoungGen      total 284672K, used 263168K [0x00000007b5d80000, 0x00000007ce880000, 0x00000007e0800000)
  eden space 263168K, 100% used [0x00000007b5d80000,0x00000007c5e80000,0x00000007c5e80000)
  from space 21504K, 0% used [0x00000007c5e80000,0x00000007c5e80000,0x00000007c7380000)
  to   space 21504K, 0% used [0x00000007cd380000,0x00000007cd380000,0x00000007ce880000)
 ParOldGen       total 380928K, used 23221K [0x0000000760800000, 0x0000000777c00000, 0x00000007b5d80000)
  object space 380928K, 6% used [0x0000000760800000,0x0000000761ead410,0x0000000777c00000)
 Metaspace       used 45482K, capacity 48170K, committed 48344K, reserved 1091584K
  class space    used 6522K, capacity 7061K, committed 7168K, reserved 1048576K
Event: 6.511 GC heap after
Heap after GC invocations=6 (full 2):
 PSYoungGen      total 352256K, used 18188K [0x00000007b5d80000, 0x00000007ce580000, 0x00000007e0800000)
  eden space 333824K, 0% used [0x00000007b5d80000,0x00000007b5d80000,0x00000007ca380000)
  from space 18432K, 98% used [0x00000007cd380000,0x00000007ce5430e0,0x00000007ce580000)
  to   space 21504K, 0% used [0x00000007cbb80000,0x00000007cbb80000,0x00000007cd080000)
 ParOldGen       total 380928K, used 23229K [0x0000000760800000, 0x0000000777c00000, 0x00000007b5d80000)
  object space 380928K, 6% used [0x0000000760800000,0x0000000761eaf410,0x0000000777c00000)
 Metaspace       used 45482K, capacity 48170K, committed 48344K, reserved 1091584K
  class space    used 6522K, capacity 7061K, committed 7168K, reserved 1048576K
}
Event: 9.746 GC heap before
{Heap before GC invocations=7 (full 2):
 PSYoungGen      total 352256K, used 170613K [0x00000007b5d80000, 0x00000007ce580000, 0x00000007e0800000)
  eden space 333824K, 45% used [0x00000007b5d80000,0x00000007bf25a558,0x00000007ca380000)
  from space 18432K, 98% used [0x00000007cd380000,0x00000007ce5430e0,0x00000007ce580000)
  to   space 21504K, 0% used [0x00000007cbb80000,0x00000007cbb80000,0x00000007cd080000)
 ParOldGen       total 380928K, used 23229K [0x0000000760800000, 0x0000000777c00000, 0x00000007b5d80000)
  object space 380928K, 6% used [0x0000000760800000,0x0000000761eaf410,0x0000000777c00000)
 Metaspace       used 55612K, capacity 58986K, committed 59028K, reserved 1099776K
  class space    used 7986K, capacity 8665K, committed 8704K, reserved 1048576K
Event: 9.762 GC heap after
Heap after GC invocations=7 (full 2):
 PSYoungGen      total 379904K, used 20373K [0x00000007b5d80000, 0x00000007d2080000, 0x00000007e0800000)
  eden space 358400K, 0% used [0x00000007b5d80000,0x00000007b5d80000,0x00000007cbb80000)
  from space 21504K, 94% used [0x00000007cbb80000,0x00000007ccf65598,0x00000007cd080000)
  to   space 22528K, 0% used [0x00000007d0a80000,0x00000007d0a80000,0x00000007d2080000)
 ParOldGen       total 380928K, used 23237K [0x0000000760800000, 0x0000000777c00000, 0x00000007b5d80000)
  object space 380928K, 6% used [0x0000000760800000,0x0000000761eb1410,0x0000000777c00000)
 Metaspace       used 55612K, capacity 58986K, committed 59028K, reserved 1099776K
  class space    used 7986K, capacity 8665K, committed 8704K, reserved 1048576K
}
Event: 9.762 GC heap before
{Heap before GC invocations=8 (full 3):
 PSYoungGen      total 379904K, used 20373K [0x00000007b5d80000, 0x00000007d2080000, 0x00000007e0800000)
  eden space 358400K, 0% used [0x00000007b5d80000,0x00000007b5d80000,0x00000007cbb80000)
  from space 21504K, 94% used [0x00000007cbb80000,0x00000007ccf65598,0x00000007cd080000)
  to   space 22528K, 0% used [0x00000007d0a80000,0x00000007d0a80000,0x00000007d2080000)
 ParOldGen       total 380928K, used 23237K [0x0000000760800000, 0x0000000777c00000, 0x00000007b5d80000)
  object space 380928K, 6% used [0x0000000760800000,0x0000000761eb1410,0x0000000777c00000)
 Metaspace       used 55612K, capacity 58986K, committed 59028K, reserved 1099776K
  class space    used 7986K, capacity 8665K, committed 8704K, reserved 1048576K
Event: 9.895 GC heap after
Heap after GC invocations=8 (full 3):
 PSYoungGen      total 379904K, used 0K [0x00000007b5d80000, 0x00000007d2080000, 0x00000007e0800000)
  eden space 358400K, 0% used [0x00000007b5d80000,0x00000007b5d80000,0x00000007cbb80000)
  from space 21504K, 0% used [0x00000007cbb80000,0x00000007cbb80000,0x00000007cd080000)
  to   space 22528K, 0% used [0x00000007d0a80000,0x00000007d0a80000,0x00000007d2080000)
 ParOldGen       total 550400K, used 33623K [0x0000000760800000, 0x0000000782180000, 0x00000007b5d80000)
  object space 550400K, 6% used [0x0000000760800000,0x00000007628d5cd8,0x0000000782180000)
 Metaspace       used 55560K, capacity 58812K, committed 59028K, reserved 1099776K
  class space    used 7970K, capacity 8636K, committed 8704K, reserved 1048576K
}
Event: 12.093 GC heap before
{Heap before GC invocations=9 (full 3):
 PSYoungGen      total 379904K, used 358400K [0x00000007b5d80000, 0x00000007d2080000, 0x00000007e0800000)
  eden space 358400K, 100% used [0x00000007b5d80000,0x00000007cbb80000,0x00000007cbb80000)
  from space 21504K, 0% used [0x00000007cbb80000,0x00000007cbb80000,0x00000007cd080000)
  to   space 22528K, 0% used [0x00000007d0a80000,0x00000007d0a80000,0x00000007d2080000)
 ParOldGen       total 550400K, used 33623K [0x0000000760800000, 0x0000000782180000, 0x00000007b5d80000)
  object space 550400K, 6% used [0x0000000760800000,0x00000007628d5cd8,0x0000000782180000)
 Metaspace       used 68143K, capacity 72748K, committed 72920K, reserved 1112064K
  class space    used 9769K, capacity 10696K, committed 10752K, reserved 1048576K
Event: 12.108 GC heap after
Heap after GC invocations=9 (full 3):
 PSYoungGen      total 436224K, used 22503K [0x00000007b5d80000, 0x00000007d4600000, 0x00000007e0800000)
  eden space 413696K, 0% used [0x00000007b5d80000,0x00000007b5d80000,0x00000007cf180000)
  from space 22528K, 99% used [0x00000007d0a80000,0x00000007d2079d28,0x00000007d2080000)
  to   space 25600K, 0% used [0x00000007cf180000,0x00000007cf180000,0x00000007d0a80000)
 ParOldGen       total 550400K, used 34747K [0x0000000760800000, 0x0000000782180000, 0x00000007b5d80000)
  object space 550400K, 6% used [0x0000000760800000,0x00000007629eed88,0x0000000782180000)
 Metaspace       used 68143K, capacity 72748K, committed 72920K, reserved 1112064K
  class space    used 9769K, capacity 10696K, committed 10752K, reserved 1048576K
}
Event: 13507.623 GC heap before
{Heap before GC invocations=10 (full 3):
 PSYoungGen      total 436224K, used 436199K [0x00000007b5d80000, 0x00000007d4600000, 0x00000007e0800000)
  eden space 413696K, 100% used [0x00000007b5d80000,0x00000007cf180000,0x00000007cf180000)
  from space 22528K, 99% used [0x00000007d0a80000,0x00000007d2079d28,0x00000007d2080000)
  to   space 25600K, 0% used [0x00000007cf180000,0x00000007cf180000,0x00000007d0a80000)
 ParOldGen       total 550400K, used 34747K [0x0000000760800000, 0x0000000782180000, 0x00000007b5d80000)
  object space 550400K, 6% used [0x0000000760800000,0x00000007629eed88,0x0000000782180000)
 Metaspace       used 75232K, capacity 80534K, committed 80856K, reserved 1118208K
  class space    used 10642K, capacity 11688K, committed 11776K, reserved 1048576K
Event: 13507.640 GC heap after
Heap after GC invocations=10 (full 3):
 PSYoungGen      total 429056K, used 23933K [0x00000007b5d80000, 0x00000007d1f00000, 0x00000007e0800000)
  eden space 404992K, 0% used [0x00000007b5d80000,0x00000007b5d80000,0x00000007ce900000)
  from space 24064K, 99% used [0x00000007cf180000,0x00000007d08df4d0,0x00000007d0900000)
  to   space 22528K, 0% used [0x00000007d0900000,0x00000007d0900000,0x00000007d1f00000)
 ParOldGen       total 550400K, used 34755K [0x0000000760800000, 0x0000000782180000, 0x00000007b5d80000)
  object space 550400K, 6% used [0x0000000760800000,0x00000007629f0d88,0x0000000782180000)
 Metaspace       used 75232K, capacity 80534K, committed 80856K, reserved 1118208K
  class space    used 10642K, capacity 11688K, committed 11776K, reserved 1048576K
}

Deoptimization events (10 events):
Event: 6944.089 Thread 0x00007fd823675000 Uncommon trap: reason=unstable_if action=reinterpret pc=0x000000010da3dd50 method=org.gradle.internal.serialize.ExceptionReplacingObjectOutputStream.doReplaceObject(Ljava/lang/Object;)Ljava/lang/Object; @ 4
Event: 6962.633 Thread 0x00007fd8a2fff000 Uncommon trap: reason=unstable_if action=reinterpret pc=0x000000010cf73d18 method=org.gradle.internal.snapshot.PathUtil.compareDifferentCharsIgnoringCase(CC)I @ 12
Event: 10030.664 Thread 0x00007fd830824800 Uncommon trap: reason=unstable_if action=reinterpret pc=0x000000010d6d5e54 method=java.text.SimpleDateFormat.zeroPaddingNumber(IIILjava/lang/StringBuffer;)V @ 41
Event: 10030.664 Thread 0x00007fd830824800 Uncommon trap: reason=unstable_if action=reinterpret pc=0x000000010d7e1404 method=java.text.DecimalFormat.subformat(Ljava/lang/StringBuffer;Ljava/text/Format$FieldDelegate;ZZIIII)Ljava/lang/StringBuffer; @ 814
Event: 10140.664 Thread 0x00007fd830824800 Uncommon trap: reason=unstable_if action=reinterpret pc=0x000000010d7db3fc method=java.text.DecimalFormat.format(JLjava/lang/StringBuffer;Ljava/text/Format$FieldDelegate;)Ljava/lang/StringBuffer; @ 136
Event: 10140.664 Thread 0x00007fd830824800 Uncommon trap: reason=unstable_if action=reinterpret pc=0x000000010c131350 method=java.text.DigitList.set(ZJI)V @ 8
Event: 13507.640 Thread 0x00007fd8a2851800 Uncommon trap: reason=unstable_if action=reinterpret pc=0x000000010cf555f4 method=java.lang.ref.Reference.tryHandlePending(Z)Z @ 20
Event: 13507.642 Thread 0x00007fd8a1dfd800 Uncommon trap: reason=speculate_class_check action=maybe_recompile pc=0x000000010d6c94d4 method=java.nio.charset.CharsetEncoder.encode(Ljava/nio/CharBuffer;Ljava/nio/ByteBuffer;Z)Ljava/nio/charset/CoderResult; @ 57
Event: 13507.691 Thread 0x00007fd8235d5000 Uncommon trap: reason=unstable_if action=reinterpret pc=0x000000010d07eb20 method=java.util.concurrent.ConcurrentLinkedQueue.poll()Ljava/lang/Object; @ 25
Event: 13507.737 Thread 0x00007fd8a1dfd800 Uncommon trap: reason=unstable_if action=reinterpret pc=0x000000010c5a4010 method=com.google.common.collect.MapMakerInternalMap$Segment.getEntry(Ljava/lang/Object;I)Lcom/google/common/collect/MapMakerInternalMap$InternalEntry; @ 40

Classes redefined (0 events):
No events

Internal exceptions (10 events):
Event: 13504.743 Thread 0x00007fd8a1dfd800 Exception <a 'java/lang/NoSuchMethodError': <clinit>> (0x00000007ce8dc108) thrown at [/System/Volumes/Data/jenkins/workspace/8-2-build-macosx-x64/jdk8u351/2908/hotspot/src/share/vm/prims/jni.cpp, line 1615]
Event: 13504.756 Thread 0x00007fd8a1dfd800 Exception <a 'java/lang/NoSuchMethodError': <clinit>> (0x00000007cea28888) thrown at [/System/Volumes/Data/jenkins/workspace/8-2-build-macosx-x64/jdk8u351/2908/hotspot/src/share/vm/prims/jni.cpp, line 1615]
Event: 13504.756 Thread 0x00007fd8a1dfd800 Exception <a 'java/lang/NoSuchMethodError': <clinit>> (0x00000007cea2c8f8) thrown at [/System/Volumes/Data/jenkins/workspace/8-2-build-macosx-x64/jdk8u351/2908/hotspot/src/share/vm/prims/jni.cpp, line 1615]
Event: 13504.756 Thread 0x00007fd8a1dfd800 Exception <a 'java/lang/NoSuchMethodError': <clinit>> (0x00000007cea2e248) thrown at [/System/Volumes/Data/jenkins/workspace/8-2-build-macosx-x64/jdk8u351/2908/hotspot/src/share/vm/prims/jni.cpp, line 1615]
Event: 13504.756 Thread 0x00007fd8a1dfd800 Exception <a 'java/lang/NoSuchMethodError': <clinit>> (0x00000007cea2f8f8) thrown at [/System/Volumes/Data/jenkins/workspace/8-2-build-macosx-x64/jdk8u351/2908/hotspot/src/share/vm/prims/jni.cpp, line 1615]
Event: 13504.756 Thread 0x00007fd8a1dfd800 Exception <a 'java/lang/NoSuchMethodError': <clinit>> (0x00000007cea311f8) thrown at [/System/Volumes/Data/jenkins/workspace/8-2-build-macosx-x64/jdk8u351/2908/hotspot/src/share/vm/prims/jni.cpp, line 1615]
Event: 13504.756 Thread 0x00007fd8a1dfd800 Exception <a 'java/lang/NoSuchMethodError': <clinit>> (0x00000007cea329a8) thrown at [/System/Volumes/Data/jenkins/workspace/8-2-build-macosx-x64/jdk8u351/2908/hotspot/src/share/vm/prims/jni.cpp, line 1615]
Event: 13504.756 Thread 0x00007fd8a1dfd800 Exception <a 'java/lang/NoSuchMethodError': <clinit>> (0x00000007cea33e10) thrown at [/System/Volumes/Data/jenkins/workspace/8-2-build-macosx-x64/jdk8u351/2908/hotspot/src/share/vm/prims/jni.cpp, line 1615]
Event: 13504.757 Thread 0x00007fd8a1dfd800 Exception <a 'java/lang/NoSuchMethodError': <clinit>> (0x00000007cea42370) thrown at [/System/Volumes/Data/jenkins/workspace/8-2-build-macosx-x64/jdk8u351/2908/hotspot/src/share/vm/prims/jni.cpp, line 1615]
Event: 13504.758 Thread 0x00007fd8a1dfd800 Exception <a 'java/lang/NoSuchMethodError': <clinit>> (0x00000007cea50d98) thrown at [/System/Volumes/Data/jenkins/workspace/8-2-build-macosx-x64/jdk8u351/2908/hotspot/src/share/vm/prims/jni.cpp, line 1615]

Events (10 events):
Event: 13507.683 Thread 0x00007fd823dd3000 Thread added: 0x00007fd823dd3000
Event: 13507.683 Thread 0x00007fd822685000 Thread added: 0x00007fd822685000
Event: 13507.683 Thread 0x00007fd82416c800 Thread added: 0x00007fd82416c800
Event: 13507.691 Thread 0x00007fd8235d5000 Uncommon trap: trap_request=0xffffff65 fr.pc=0x000000010d07eb20
Event: 13507.691 Thread 0x00007fd8235d5000 DEOPT PACKING pc=0x000000010d07eb20 sp=0x000070000721f000
Event: 13507.691 Thread 0x00007fd8235d5000 DEOPT UNPACKING pc=0x000000010bfb77ba sp=0x000070000721efb0 mode 2
Event: 13507.693 Thread 0x00007fd8418d0000 Thread added: 0x00007fd8418d0000
Event: 13507.737 Thread 0x00007fd8a1dfd800 Uncommon trap: trap_request=0xffffff65 fr.pc=0x000000010c5a4010
Event: 13507.738 Thread 0x00007fd8a1dfd800 DEOPT PACKING pc=0x000000010c5a4010 sp=0x0000700005fe1da0
Event: 13507.738 Thread 0x00007fd8a1dfd800 DEOPT UNPACKING pc=0x000000010bfb77ba sp=0x0000700005fe1d60 mode 2


Dynamic libraries:
0x00007ff83228b000 	/System/Library/Frameworks/Cocoa.framework/Versions/A/Cocoa
0x00007ff81dedf000 	/System/Library/Frameworks/AppKit.framework/Versions/C/AppKit
0x00007ff8213f6000 	/System/Library/Frameworks/CoreData.framework/Versions/A/CoreData
0x00007ff81c2e2000 	/System/Library/Frameworks/Foundation.framework/Versions/C/Foundation
0x00007ff826219000 	/usr/lib/libSystem.B.dylib
0x00007ff81ed6f000 	/System/Library/PrivateFrameworks/UIFoundation.framework/Versions/A/UIFoundation
0x00007ff82c18c000 	/System/Library/PrivateFrameworks/RemoteViewServices.framework/Versions/A/RemoteViewServices
0x00007ff82446d000 	/System/Library/PrivateFrameworks/XCTTargetBootstrap.framework/Versions/A/XCTTargetBootstrap
0x00007ff828022000 	/System/Library/PrivateFrameworks/InternationalSupport.framework/Versions/A/InternationalSupport
0x00007ff8280ac000 	/System/Library/PrivateFrameworks/UserActivity.framework/Versions/A/UserActivity
0x00007ff827400000 	/usr/lib/libspindump.dylib
0x00007ff81effe000 	/System/Library/Frameworks/UniformTypeIdentifiers.framework/Versions/A/UniformTypeIdentifiers
0x00007ff822b91000 	/usr/lib/libapp_launch_measurement.dylib
0x00007ff821dc8000 	/System/Library/PrivateFrameworks/CoreAnalytics.framework/Versions/A/CoreAnalytics
0x00007ff822b94000 	/System/Library/PrivateFrameworks/CoreAutoLayout.framework/Versions/A/CoreAutoLayout
0x00007ff823dc4000 	/System/Library/Frameworks/Metal.framework/Versions/A/Metal
0x00007ff824af3000 	/usr/lib/liblangid.dylib
0x00007ff824472000 	/System/Library/PrivateFrameworks/CoreSVG.framework/Versions/A/CoreSVG
0x00007ff8203ea000 	/System/Library/PrivateFrameworks/SkyLight.framework/Versions/A/SkyLight
0x00007ff820789000 	/System/Library/Frameworks/CoreGraphics.framework/Versions/A/CoreGraphics
0x00007ff82c84c000 	/System/Library/Frameworks/Accelerate.framework/Versions/A/Accelerate
0x00007ff826e7f000 	/System/Library/PrivateFrameworks/IconServices.framework/Versions/A/IconServices
0x00007ff823da9000 	/System/Library/Frameworks/IOSurface.framework/Versions/A/IOSurface
0x00007ff821df6000 	/usr/lib/libDiagnosticMessagesClient.dylib
0x00007ff826139000 	/usr/lib/libz.1.dylib
0x00007ff82ff2f000 	/System/Library/Frameworks/ApplicationServices.framework/Versions/A/ApplicationServices
0x00007ff824459000 	/System/Library/PrivateFrameworks/DFRFoundation.framework/Versions/A/DFRFoundation
0x00007ff81d7c7000 	/usr/lib/libicucore.A.dylib
0x00007ff828e18000 	/System/Library/Frameworks/AudioToolbox.framework/Versions/A/AudioToolbox
0x00007ff82802e000 	/System/Library/PrivateFrameworks/DataDetectorsCore.framework/Versions/A/DataDetectorsCore
0x00007ff924529000 	/System/Library/PrivateFrameworks/TextInput.framework/Versions/A/TextInput
0x00007ff82036d000 	/usr/lib/libMobileGestalt.dylib
0x00007ff824165000 	/System/Library/Frameworks/Carbon.framework/Versions/A/Frameworks/HIToolbox.framework/Versions/A/HIToolbox
0x00007ff822593000 	/System/Library/Frameworks/QuartzCore.framework/Versions/A/QuartzCore
0x00007ff81d46c000 	/System/Library/Frameworks/Security.framework/Versions/A/Security
0x00007ff82c1c4000 	/System/Library/Frameworks/Carbon.framework/Versions/A/Frameworks/SpeechRecognition.framework/Versions/A/SpeechRecognition
0x00007ff8228f1000 	/System/Library/PrivateFrameworks/CoreUI.framework/Versions/A/CoreUI
0x00007ff81cd36000 	/System/Library/Frameworks/CoreAudio.framework/Versions/A/CoreAudio
0x00007ff821ee5000 	/System/Library/Frameworks/DiskArbitration.framework/Versions/A/DiskArbitration
0x00007ff8277ee000 	/System/Library/PrivateFrameworks/MultitouchSupport.framework/Versions/A/MultitouchSupport
0x00007ff82036c000 	/usr/lib/libenergytrace.dylib
0x00007ff81ddcb000 	/System/Library/Frameworks/IOKit.framework/Versions/A/IOKit
0x00007ff82c5b4000 	/System/Library/Frameworks/CoreServices.framework/Versions/A/CoreServices
0x00007ff822b2b000 	/System/Library/PrivateFrameworks/PerformanceAnalysis.framework/Versions/A/PerformanceAnalysis
0x00007ffa3420b000 	/System/Library/Frameworks/OpenGL.framework/Versions/A/OpenGL
0x00007ff825755000 	/System/Library/PrivateFrameworks/MobileKeyBag.framework/Versions/A/MobileKeyBag
0x00007ff81b2ac000 	/usr/lib/libobjc.A.dylib
0x00007ff820e55000 	/System/Library/Frameworks/ColorSync.framework/Versions/A/ColorSync
0x00007ff81b466000 	/System/Library/Frameworks/CoreFoundation.framework/Versions/A/CoreFoundation
0x00007ff8246e9000 	/System/Library/Frameworks/CoreImage.framework/Versions/A/CoreImage
0x00007ff81cb4a000 	/System/Library/Frameworks/CoreText.framework/Versions/A/CoreText
0x00007ff8244a2000 	/System/Library/Frameworks/ImageIO.framework/Versions/A/ImageIO
0x00007ff82621f000 	/System/Library/PrivateFrameworks/SoftLinking.framework/Versions/A/SoftLinking
0x00007ff822bdc000 	/usr/lib/libxml2.2.dylib
0x00007ff81b372000 	/usr/lib/libc++.1.dylib
0x00007ff8264a3000 	/usr/lib/libcompression.dylib
0x00007ff827f55000 	/System/Library/PrivateFrameworks/TextureIO.framework/Versions/A/TextureIO
0x00007ff826b91000 	/usr/lib/libate.dylib
0x00007ff826214000 	/usr/lib/system/libcache.dylib
0x00007ff8261d0000 	/usr/lib/system/libcommonCrypto.dylib
0x00007ff8261f9000 	/usr/lib/system/libcompiler_rt.dylib
0x00007ff8261ef000 	/usr/lib/system/libcopyfile.dylib
0x00007ff81b1a7000 	/usr/lib/system/libcorecrypto.dylib
0x00007ff81b265000 	/usr/lib/system/libdispatch.dylib
0x00007ff81b425000 	/usr/lib/system/libdyld.dylib
0x00007ff82620b000 	/usr/lib/system/libkeymgr.dylib
0x00007ff8261ae000 	/usr/lib/system/libmacho.dylib
0x00007ff82582f000 	/usr/lib/system/libquarantine.dylib
0x00007ff826209000 	/usr/lib/system/libremovefile.dylib
0x00007ff8203ba000 	/usr/lib/system/libsystem_asl.dylib
0x00007ff81b150000 	/usr/lib/system/libsystem_blocks.dylib
0x00007ff81b2e9000 	/usr/lib/system/libsystem_c.dylib
0x00007ff826201000 	/usr/lib/system/libsystem_collections.dylib
0x00007ff824ae3000 	/usr/lib/system/libsystem_configuration.dylib
0x00007ff823d8c000 	/usr/lib/system/libsystem_containermanager.dylib
0x00007ff825ee6000 	/usr/lib/system/libsystem_coreservices.dylib
0x00007ff81da5b000 	/usr/lib/system/libsystem_darwin.dylib
0x00007ff82620c000 	/usr/lib/system/libsystem_dnssd.dylib
0x00007ff81b2e6000 	/usr/lib/system/libsystem_featureflags.dylib
0x00007ff81b43b000 	/usr/lib/system/libsystem_info.dylib
0x00007ff82614c000 	/usr/lib/system/libsystem_m.dylib
0x00007ff81b239000 	/usr/lib/system/libsystem_malloc.dylib
0x00007ff820355000 	/usr/lib/system/libsystem_networkextension.dylib
0x00007ff81de81000 	/usr/lib/system/libsystem_notify.dylib
0x00007ff82c489000 	/usr/lib/system/libsystem_product_info_filter.dylib
0x00007ff824ae7000 	/usr/lib/system/libsystem_sandbox.dylib
0x00007ff826206000 	/usr/lib/system/libsystem_secinit.dylib
0x00007ff81b3e1000 	/usr/lib/system/libsystem_kernel.dylib
0x00007ff81b431000 	/usr/lib/system/libsystem_platform.dylib
0x00007ff81b419000 	/usr/lib/system/libsystem_pthread.dylib
0x00007ff821c08000 	/usr/lib/system/libsystem_symptoms.dylib
0x00007ff81b18e000 	/usr/lib/system/libsystem_trace.dylib
0x00007ff8261dc000 	/usr/lib/system/libunwind.dylib
0x00007ff81b152000 	/usr/lib/system/libxpc.dylib
0x00007ff81b3cb000 	/usr/lib/libc++abi.dylib
0x00007ff8261e7000 	/usr/lib/liboah.dylib
0x00007ff82696d000 	/usr/lib/liblzma.5.dylib
0x00007ff81bff4000 	/System/Library/Frameworks/SystemConfiguration.framework/Versions/A/SystemConfiguration
0x00007ff82621b000 	/usr/lib/libfakelink.dylib
0x00007ff81fec5000 	/System/Library/Frameworks/CFNetwork.framework/Versions/A/CFNetwork
0x00007ff82635c000 	/usr/lib/libarchive.2.dylib
0x00007ff824aef000 	/System/Library/PrivateFrameworks/AppleSystemInfo.framework/Versions/A/AppleSystemInfo
0x00007ff825856000 	/usr/lib/libbsm.0.dylib
0x00007ff81f4d4000 	/usr/lib/libnetwork.dylib
0x00007ff8261b4000 	/usr/lib/system/libkxld.dylib
0x00007ff825489000 	/System/Library/PrivateFrameworks/IOMobileFramebuffer.framework/Versions/A/IOMobileFramebuffer
0x00007ffb33bda000 	/usr/lib/libCoreEntitlements.dylib
0x00007ff825ec8000 	/System/Library/PrivateFrameworks/AppleFSCompression.framework/Versions/A/AppleFSCompression
0x00007ff82583e000 	/usr/lib/libcoretls.dylib
0x00007ff826987000 	/usr/lib/libcoretls_cfhelpers.dylib
0x00007ff82649e000 	/usr/lib/libpam.2.dylib
0x00007ff821827000 	/usr/lib/libsqlite3.dylib
0x00007ff8269f6000 	/usr/lib/libxar.1.dylib
0x00007ff825ed8000 	/usr/lib/libbz2.1.0.dylib
0x00007ff826220000 	/usr/lib/libpcap.A.dylib
0x00007ff821c00000 	/usr/lib/libdns_services.dylib
0x00007ff82646e000 	/usr/lib/libapple_nghttp2.dylib
0x00007ff82625a000 	/usr/lib/libiconv.2.dylib
0x00007ff8261ad000 	/usr/lib/libcharset.1.dylib
0x00007ff822b5f000 	/System/Library/Frameworks/CoreServices.framework/Versions/A/Frameworks/FSEvents.framework/Versions/A/FSEvents
0x00007ff81da65000 	/System/Library/Frameworks/CoreServices.framework/Versions/A/Frameworks/CarbonCore.framework/Versions/A/CarbonCore
0x00007ff821e49000 	/System/Library/Frameworks/CoreServices.framework/Versions/A/Frameworks/Metadata.framework/Versions/A/Metadata
0x00007ff825eeb000 	/System/Library/Frameworks/CoreServices.framework/Versions/A/Frameworks/OSServices.framework/Versions/A/OSServices
0x00007ff8263e3000 	/System/Library/Frameworks/CoreServices.framework/Versions/A/Frameworks/SearchKit.framework/Versions/A/SearchKit
0x00007ff821b92000 	/System/Library/Frameworks/CoreServices.framework/Versions/A/Frameworks/AE.framework/Versions/A/AE
0x00007ff81b969000 	/System/Library/Frameworks/CoreServices.framework/Versions/A/Frameworks/LaunchServices.framework/Versions/A/LaunchServices
0x00007ff82691e000 	/System/Library/Frameworks/CoreServices.framework/Versions/A/Frameworks/DictionaryServices.framework/Versions/A/DictionaryServices
0x00007ff822b6c000 	/System/Library/Frameworks/CoreServices.framework/Versions/A/Frameworks/SharedFileList.framework/Versions/A/SharedFileList
0x00007ff825832000 	/usr/lib/libCheckFix.dylib
0x00007ff8203d1000 	/System/Library/PrivateFrameworks/TCC.framework/Versions/A/TCC
0x00007ff824af5000 	/System/Library/PrivateFrameworks/CoreNLP.framework/Versions/A/CoreNLP
0x00007ff821df9000 	/System/Library/PrivateFrameworks/MetadataUtilities.framework/Versions/A/MetadataUtilities
0x00007ff81c0a5000 	/usr/lib/libmecabra.dylib
0x00007ff825866000 	/usr/lib/libmecab.dylib
0x00007ff81c070000 	/usr/lib/libCRFSuite.dylib
0x00007ff8258c0000 	/usr/lib/libgermantok.dylib
0x00007ff826449000 	/usr/lib/libThaiTokenizer.dylib
0x00007ff821eec000 	/System/Library/Frameworks/Accelerate.framework/Versions/A/Frameworks/vImage.framework/Versions/A/vImage
0x00007ff82c58b000 	/System/Library/Frameworks/Accelerate.framework/Versions/A/Frameworks/vecLib.framework/Versions/A/vecLib
0x00007ff826a37000 	/System/Library/Frameworks/Accelerate.framework/Versions/A/Frameworks/vecLib.framework/Versions/A/libvMisc.dylib
0x00007ff8252b4000 	/System/Library/Frameworks/Accelerate.framework/Versions/A/Frameworks/vecLib.framework/Versions/A/libvDSP.dylib
0x00007ff81bce4000 	/System/Library/Frameworks/Accelerate.framework/Versions/A/Frameworks/vecLib.framework/Versions/A/libBLAS.dylib
0x00007ff826580000 	/System/Library/Frameworks/Accelerate.framework/Versions/A/Frameworks/vecLib.framework/Versions/A/libLAPACK.dylib
0x00007ff8258c3000 	/System/Library/Frameworks/Accelerate.framework/Versions/A/Frameworks/vecLib.framework/Versions/A/libLinearAlgebra.dylib
0x00007ff826486000 	/System/Library/Frameworks/Accelerate.framework/Versions/A/Frameworks/vecLib.framework/Versions/A/libSparseBLAS.dylib
0x00007ff82657a000 	/System/Library/Frameworks/Accelerate.framework/Versions/A/Frameworks/vecLib.framework/Versions/A/libQuadrature.dylib
0x00007ff824be0000 	/System/Library/Frameworks/Accelerate.framework/Versions/A/Frameworks/vecLib.framework/Versions/A/libBNNS.dylib
0x00007ff81bf7e000 	/System/Library/Frameworks/Accelerate.framework/Versions/A/Frameworks/vecLib.framework/Versions/A/libSparse.dylib
0x00007ff824bd9000 	/System/Library/PrivateFrameworks/LinguisticData.framework/Versions/A/LinguisticData
0x00007ff81bf34000 	/System/Library/PrivateFrameworks/Lexicon.framework/Versions/A/Lexicon
0x00007ff826a30000 	/usr/lib/libChineseTokenizer.dylib
0x00007ff81c69f000 	/System/Library/PrivateFrameworks/LanguageModeling.framework/Versions/A/LanguageModeling
0x00007ff82644b000 	/System/Library/PrivateFrameworks/AppleSauce.framework/Versions/A/AppleSauce
0x00007ff825477000 	/System/Library/PrivateFrameworks/CoreEmoji.framework/Versions/A/CoreEmoji
0x00007ff82634b000 	/usr/lib/libcmph.dylib
0x00007ff822b43000 	/System/Library/Frameworks/OpenDirectory.framework/Versions/A/Frameworks/CFOpenDirectory.framework/Versions/A/CFOpenDirectory
0x00007ff822b37000 	/System/Library/Frameworks/OpenDirectory.framework/Versions/A/OpenDirectory
0x00007ff826989000 	/System/Library/PrivateFrameworks/APFS.framework/Versions/A/APFS
0x00007ff82578d000 	/System/Library/Frameworks/SecurityFoundation.framework/Versions/A/SecurityFoundation
0x00007ff826a04000 	/usr/lib/libutil.dylib
0x00007ff81dd8f000 	/System/Library/PrivateFrameworks/CoreServicesStore.framework/Versions/A/CoreServicesStore
0x00007ff826a08000 	/usr/lib/libxslt.1.dylib
0x00007ff82581a000 	/System/Library/PrivateFrameworks/BackgroundTaskManagement.framework/Versions/A/BackgroundTaskManagement
0x00007ff827e75000 	/System/Library/Frameworks/ImageIO.framework/Versions/A/Resources/libRadiance.dylib
0x00007ff827e7e000 	/System/Library/Frameworks/ImageIO.framework/Versions/A/Resources/libJPEG.dylib
0x00007ff827dcd000 	/System/Library/Frameworks/ImageIO.framework/Versions/A/Resources/libPng.dylib
0x00007ff827dee000 	/System/Library/Frameworks/ImageIO.framework/Versions/A/Resources/libTIFF.dylib
0x00007ff827ede000 	/System/Library/Frameworks/ImageIO.framework/Versions/A/Resources/libGIF.dylib
0x00007ff827708000 	/System/Library/Frameworks/ImageIO.framework/Versions/A/Resources/libJP2.dylib
0x00007ff826e46000 	/usr/lib/libexpat.1.dylib
0x00007ff8276bd000 	/System/Library/PrivateFrameworks/AppleJPEG.framework/Versions/A/AppleJPEG
0x00007ff824029000 	/System/Library/PrivateFrameworks/FontServices.framework/libFontParser.dylib
0x00007ff821b3c000 	/System/Library/PrivateFrameworks/RunningBoardServices.framework/Versions/A/RunningBoardServices
0x00007ff832846000 	/System/Library/PrivateFrameworks/IOSurfaceAccelerator.framework/Versions/A/IOSurfaceAccelerator
0x00007ff8277ea000 	/System/Library/PrivateFrameworks/WatchdogClient.framework/Versions/A/WatchdogClient
0x00007ff81c78d000 	/System/Library/Frameworks/CoreDisplay.framework/Versions/A/CoreDisplay
0x00007ff823f27000 	/System/Library/Frameworks/CoreMedia.framework/Versions/A/CoreMedia
0x00007ff823dbb000 	/System/Library/PrivateFrameworks/IOAccelerator.framework/Versions/A/IOAccelerator
0x00007ff822cc0000 	/System/Library/Frameworks/CoreVideo.framework/Versions/A/CoreVideo
0x00007ff82649c000 	/System/Library/Frameworks/MetalPerformanceShaders.framework/Versions/A/MetalPerformanceShaders
0x00007ff827827000 	/System/Library/Frameworks/VideoToolbox.framework/Versions/A/VideoToolbox
0x00007ff821a86000 	/System/Library/PrivateFrameworks/BaseBoard.framework/Versions/A/BaseBoard
0x00007ff82180d000 	/System/Library/PrivateFrameworks/ProtocolBuffer.framework/Versions/A/ProtocolBuffer
0x00007ff827e6e000 	/System/Library/PrivateFrameworks/GPUWrangler.framework/Versions/A/GPUWrangler
0x00007ff827e52000 	/System/Library/PrivateFrameworks/IOPresentment.framework/Versions/A/IOPresentment
0x00007ff827e78000 	/System/Library/PrivateFrameworks/DSExternalDisplay.framework/Versions/A/DSExternalDisplay
0x00007ffa341ff000 	/System/Library/Frameworks/OpenGL.framework/Versions/A/Libraries/libCoreFSCache.dylib
0x00007ffb212d6000 	/System/Library/PrivateFrameworks/GPUCompiler.framework/Versions/31001/Libraries/libGPUCompilerUtils.dylib
0x00007ff827ee3000 	/System/Library/PrivateFrameworks/CMCaptureCore.framework/Versions/A/CMCaptureCore
0x00007ff8273ee000 	/System/Library/PrivateFrameworks/AppServerSupport.framework/Versions/A/AppServerSupport
0x00007ff8296b1000 	/System/Library/PrivateFrameworks/perfdata.framework/Versions/A/perfdata
0x00007ff81c8b9000 	/System/Library/PrivateFrameworks/AudioToolboxCore.framework/Versions/A/AudioToolboxCore
0x00007ff823f05000 	/System/Library/PrivateFrameworks/caulk.framework/Versions/A/caulk
0x00007ff828fc3000 	/usr/lib/libAudioStatistics.dylib
0x00007ff920cb7000 	/System/Library/PrivateFrameworks/SystemPolicy.framework/Versions/A/SystemPolicy
0x00007ff82921e000 	/usr/lib/libSMC.dylib
0x00007ff83213e000 	/System/Library/Frameworks/CoreMIDI.framework/Versions/A/CoreMIDI
0x00007ff827d9c000 	/usr/lib/libAudioToolboxUtility.dylib
0x00007ff91cee3000 	/System/Library/PrivateFrameworks/OSAServicesClient.framework/Versions/A/OSAServicesClient
0x00007ff8296be000 	/usr/lib/libperfcheck.dylib
0x00007ff921764000 	/usr/lib/libmis.dylib
0x00007ffa3425a000 	/System/Library/Frameworks/OpenGL.framework/Versions/A/Libraries/libGLU.dylib
0x00007ffa3421e000 	/System/Library/Frameworks/OpenGL.framework/Versions/A/Libraries/libGFXShared.dylib
0x00007ffa34427000 	/System/Library/Frameworks/OpenGL.framework/Versions/A/Libraries/libGL.dylib
0x00007ffa34227000 	/System/Library/Frameworks/OpenGL.framework/Versions/A/Libraries/libGLImage.dylib
0x00007ffa3421b000 	/System/Library/Frameworks/OpenGL.framework/Versions/A/Libraries/libCVMSPluginSupport.dylib
0x00007ffa34206000 	/System/Library/Frameworks/OpenGL.framework/Versions/A/Libraries/libCoreVMClient.dylib
0x00007ff824a71000 	/System/Library/Frameworks/MetalPerformanceShaders.framework/Versions/A/Frameworks/MPSCore.framework/Versions/A/MPSCore
0x00007ff825e33000 	/System/Library/Frameworks/MetalPerformanceShaders.framework/Versions/A/Frameworks/MPSImage.framework/Versions/A/MPSImage
0x00007ff8258d9000 	/System/Library/Frameworks/MetalPerformanceShaders.framework/Versions/A/Frameworks/MPSNeuralNetwork.framework/Versions/A/MPSNeuralNetwork
0x00007ff825d4d000 	/System/Library/Frameworks/MetalPerformanceShaders.framework/Versions/A/Frameworks/MPSMatrix.framework/Versions/A/MPSMatrix
0x00007ff825b08000 	/System/Library/Frameworks/MetalPerformanceShaders.framework/Versions/A/Frameworks/MPSRayIntersector.framework/Versions/A/MPSRayIntersector
0x00007ff825d85000 	/System/Library/Frameworks/MetalPerformanceShaders.framework/Versions/A/Frameworks/MPSNDArray.framework/Versions/A/MPSNDArray
0x00007ffa39cdf000 	/System/Library/Frameworks/MetalPerformanceShaders.framework/Versions/A/Frameworks/MPSFunctions.framework/Versions/A/MPSFunctions
0x00007ff81bbc0000 	/System/Library/PrivateFrameworks/MetalTools.framework/Versions/A/MetalTools
0x00007ff824aed000 	/System/Library/PrivateFrameworks/AggregateDictionary.framework/Versions/A/AggregateDictionary
0x00007ff826c28000 	/usr/lib/libIOReport.dylib
0x00007ffa35836000 	/System/Library/Frameworks/OpenCL.framework/Versions/A/OpenCL
0x00007ff826f8c000 	/System/Library/PrivateFrameworks/FaceCore.framework/Versions/A/FaceCore
0x00007ff826f7d000 	/System/Library/PrivateFrameworks/GraphVisualizer.framework/Versions/A/GraphVisualizer
0x00007ffb211e1000 	/System/Library/PrivateFrameworks/FontServices.framework/Versions/A/FontServices
0x00007ff8273a6000 	/System/Library/PrivateFrameworks/OTSVG.framework/Versions/A/OTSVG
0x00007ff8228a6000 	/System/Library/Frameworks/ApplicationServices.framework/Versions/A/Frameworks/ATS.framework/Versions/A/Resources/libFontRegistry.dylib
0x00007ff8273f6000 	/System/Library/PrivateFrameworks/FontServices.framework/libhvf.dylib
0x00007ffb211e2000 	/System/Library/PrivateFrameworks/FontServices.framework/libXTFontStaticRegistryData.dylib
0x00007ff826df6000 	/System/Library/PrivateFrameworks/AppleVA.framework/Versions/A/AppleVA
0x00007ff828fe3000 	/System/Library/Frameworks/ApplicationServices.framework/Versions/A/Frameworks/ATS.framework/Versions/A/ATS
0x00007ff820f53000 	/System/Library/Frameworks/ApplicationServices.framework/Versions/A/Frameworks/HIServices.framework/Versions/A/HIServices
0x00007ff827eed000 	/System/Library/Frameworks/ApplicationServices.framework/Versions/A/Frameworks/PrintCore.framework/Versions/A/PrintCore
0x00007ff829371000 	/System/Library/Frameworks/ApplicationServices.framework/Versions/A/Frameworks/QD.framework/Versions/A/QD
0x00007ff829369000 	/System/Library/Frameworks/ApplicationServices.framework/Versions/A/Frameworks/ColorSyncLegacy.framework/Versions/A/ColorSyncLegacy
0x00007ff828fd3000 	/System/Library/Frameworks/ApplicationServices.framework/Versions/A/Frameworks/SpeechSynthesis.framework/Versions/A/SpeechSynthesis
0x00007ff827eae000 	/System/Library/Frameworks/ApplicationServices.framework/Versions/A/Frameworks/ATSUI.framework/Versions/A/ATSUI
0x00007ff8292fe000 	/usr/lib/libcups.2.dylib
0x00007ff8296cd000 	/System/Library/Frameworks/Kerberos.framework/Versions/A/Kerberos
0x00007ff8296dc000 	/System/Library/Frameworks/GSS.framework/Versions/A/GSS
0x00007ff82904f000 	/usr/lib/libresolv.9.dylib
0x00007ff827405000 	/System/Library/PrivateFrameworks/Heimdal.framework/Versions/A/Heimdal
0x00007ff8302c1000 	/System/Library/Frameworks/Kerberos.framework/Versions/A/Libraries/libHeimdalProxy.dylib
0x00007ff821c10000 	/System/Library/Frameworks/Network.framework/Versions/A/Network
0x00007ff826e60000 	/usr/lib/libheimdal-asn1.dylib
0x00007ff829727000 	/System/Library/PrivateFrameworks/CommonAuth.framework/Versions/A/CommonAuth
0x00007ff828f55000 	/System/Library/PrivateFrameworks/AudioSession.framework/Versions/A/AudioSession
0x00007ff826ef0000 	/System/Library/PrivateFrameworks/MediaExperience.framework/Versions/A/MediaExperience
0x00007ff828de7000 	/System/Library/PrivateFrameworks/AudioSession.framework/libSessionUtility.dylib
0x00007ff82937d000 	/System/Library/PrivateFrameworks/AudioResourceArbitration.framework/Versions/A/AudioResourceArbitration
0x00007ff82d3fe000 	/System/Library/PrivateFrameworks/PowerLog.framework/Versions/A/PowerLog
0x00007ff826e69000 	/System/Library/PrivateFrameworks/IconFoundation.framework/Versions/A/IconFoundation
0x00007ff82c1b4000 	/System/Library/PrivateFrameworks/SpeechRecognitionCore.framework/Versions/A/SpeechRecognitionCore
0x00000001095cd000 	/Library/Internet Plug-Ins/JavaAppletPlugin.plugin/Contents/Home/lib/server/libjvm.dylib
0x00000001022fd000 	/Library/Internet Plug-Ins/JavaAppletPlugin.plugin/Contents/Home/lib/libverify.dylib
0x0000000102342000 	/Library/Internet Plug-Ins/JavaAppletPlugin.plugin/Contents/Home/lib/libjava.dylib
0x000000010231c000 	/Library/Internet Plug-Ins/JavaAppletPlugin.plugin/Contents/Home/lib/libzip.dylib
0x000000010b0a5000 	/Library/Internet Plug-Ins/JavaAppletPlugin.plugin/Contents/Home/lib/libnet.dylib
0x000000010b0bf000 	/Library/Internet Plug-Ins/JavaAppletPlugin.plugin/Contents/Home/lib/libnio.dylib
0x000000010b092000 	/Users/giangduc/.gradle/native/e1d6ef7f7dcc3fd88c89a11ec53ec762bb8ba0a96d01ffa2cd45eb1d1d8dd5c5/osx-amd64/libnative-platform.dylib
0x000000010b13e000 	/Users/giangduc/.gradle/native/0d407fdbe67a94daf76414ababcb853783967236a71b16ec16e742cd7a986fd3/osx-amd64/libnative-platform-file-events.dylib
0x000000010b449000 	/Library/Internet Plug-Ins/JavaAppletPlugin.plugin/Contents/Home/lib/libmanagement.dylib
0x00000001222d5000 	/Library/Internet Plug-Ins/JavaAppletPlugin.plugin/Contents/Home/lib/libsunec.dylib

VM Arguments:
jvm_args: -XX:MaxMetaspaceSize=512m -Xmx2048m -Dfile.encoding=utf8 -Duser.country=VN -Duser.language=en -Duser.variant 
java_command: org.gradle.launcher.daemon.bootstrap.GradleDaemon 7.5.1
java_class_path (initial): /Users/giangduc/.gradle/wrapper/dists/gradle-7.5.1-all/1ehga6e77gqps5uk2kc5kf1vc/gradle-7.5.1/lib/gradle-launcher-7.5.1.jar
Launcher Type: SUN_STANDARD

Environment Variables:
PATH=/usr/local/bin:/usr/bin:/bin:/usr/sbin:/sbin:/Library/Apple/usr/bin
SHELL=/bin/zsh

Signal Handlers:
SIGSEGV: [libjvm.dylib+0x59d0dd], sa_mask[0]=11111111011111110111111111111111, sa_flags=SA_ONSTACK|SA_RESTART|SA_SIGINFO
SIGBUS: [libjvm.dylib+0x59d0dd], sa_mask[0]=11111111011111110111111111111111, sa_flags=SA_RESTART|SA_SIGINFO
SIGFPE: [libjvm.dylib+0x59d0dd], sa_mask[0]=11111111011111110111111111111111, sa_flags=SA_RESTART|SA_SIGINFO
SIGPIPE: [libjvm.dylib+0x4909a5], sa_mask[0]=11111111011111110111111111111111, sa_flags=SA_RESTART|SA_SIGINFO
SIGXFSZ: [libjvm.dylib+0x4909a5], sa_mask[0]=11111111011111110111111111111111, sa_flags=SA_RESTART|SA_SIGINFO
SIGILL: [libjvm.dylib+0x59d0dd], sa_mask[0]=11111111011111110111111111111111, sa_flags=SA_RESTART|SA_SIGINFO
SIGUSR1: SIG_DFL, sa_mask[0]=00000000000000000000000000000000, sa_flags=none
SIGUSR2: [libjvm.dylib+0x4912a0], sa_mask[0]=00100000000000000000000000000000, sa_flags=SA_RESTART|SA_SIGINFO
SIGHUP: [libjvm.dylib+0x48f413], sa_mask[0]=11111111011111110111111111111111, sa_flags=SA_RESTART|SA_SIGINFO
SIGINT: [libjvm.dylib+0x48f413], sa_mask[0]=11111111011111110111111111111111, sa_flags=SA_RESTART|SA_SIGINFO
SIGTERM: [libjvm.dylib+0x48f413], sa_mask[0]=11111111011111110111111111111111, sa_flags=SA_RESTART|SA_SIGINFO
SIGQUIT: [libjvm.dylib+0x48f413], sa_mask[0]=11111111011111110111111111111111, sa_flags=SA_RESTART|SA_SIGINFO


---------------  S Y S T E M  ---------------

OS:Bsduname:Darwin 21.6.0 Darwin Kernel Version 21.6.0: Mon Aug 22 20:17:10 PDT 2022; root:xnu-8020.140.49~2/RELEASE_X86_64 x86_64
rlimit: STACK 8192k, CORE 0k, NPROC 5568, NOFILE 12544, AS infinity
load average:3.24 2.74 2.77

CPU:total 12 (initial active 12) (6 cores per cpu, 2 threads per core) family 6 model 158 stepping 10, cmov, cx8, fxsr, mmx, sse, sse2, sse3, ssse3, sse4.1, sse4.2, popcnt, avx, avx2, aes, clmul, erms, 3dnowpref, lzcnt, ht, tsc, tscinvbit, bmi1, bmi2, adx

Memory: 4k page, physical 33554432k(1536900k free)

/proc/meminfo:


vm_info: Java HotSpot(TM) 64-Bit Server VM (25.351-b10) for bsd-amd64 JRE (1.8.0_351-b10), built on Sep 15 2022 03:50:54 by "java_re" with gcc 4.2.1 Compatible Apple LLVM 11.0.0 (clang-1100.0.33.17)

time: Sat Nov 12 09:46:56 2022
timezone: +07
elapsed time: 13507.812858 seconds (0d 3h 45m 7s)

